<?xml version="1.0" encoding="UTF-8"?>
<testng-results ignored="0" total="1" passed="1" failed="0" skipped="0">
  <reporter-output>
  </reporter-output>
  <suite started-at="2024-05-07T14:52:35 IST" name="Default suite" finished-at="2024-05-07T14:53:45 IST" duration-ms="70267">
    <groups>
    </groups>
    <test started-at="2024-05-07T14:52:35 IST" name="Default test" finished-at="2024-05-07T14:53:45 IST" duration-ms="70267">
      <class name="testpkg.TestFunctions">
        <test-method is-config="true" signature="setUp()[pri:0, instance:testpkg.TestFunctions@6340e5f0]" started-at="2024-05-07T14:52:35 IST" name="setUp" finished-at="2024-05-07T14:53:03 IST" duration-ms="28648" status="PASS">
          <reporter-output>
          </reporter-output>
        </test-method> <!-- setUp -->
        <test-method signature="clickOptions()[pri:0, instance:testpkg.TestFunctions@6340e5f0]" started-at="2024-05-07T14:53:03 IST" name="clickOptions" finished-at="2024-05-07T14:53:45 IST" duration-ms="41580" status="PASS">
          <reporter-output>
          </reporter-output>
        </test-method> <!-- clickOptions -->
      </class> <!-- testpkg.TestFunctions -->
    </test> <!-- Default test -->
  </suite> <!-- Default suite -->
</testng-results>
